<?xml version="1.0" encoding="UTF-8"?>
<testsuite xmlns:xsi="http://www.w3.org/2001/XMLSchema-instance" xsi:noNamespaceSchemaLocation="https://maven.apache.org/surefire/maven-surefire-plugin/xsd/surefire-test-report.xsd" name="com.chenyu.test.AppTest" time="0.076" tests="1" errors="0" skipped="0" failures="0">
  <properties>
    <property name="sun.desktop" value="windows"/>
    <property name="awt.toolkit" value="sun.awt.windows.WToolkit"/>
    <property name="java.specification.version" value="11"/>
    <property name="sun.cpu.isalist" value="amd64"/>
    <property name="sun.jnu.encoding" value="GBK"/>
    <property name="java.class.path" value="D:\Java\idea-project\netty-groupchat\target\test-classes;D:\Java\idea-project\netty-groupchat\target\classes;D:\Java\apache-maven-3.6.1-bin\Maven-Repository\junit\junit\4.11\junit-4.11.jar;D:\Java\apache-maven-3.6.1-bin\Maven-Repository\org\hamcrest\hamcrest-core\1.3\hamcrest-core-1.3.jar;D:\Java\apache-maven-3.6.1-bin\Maven-Repository\io\netty\netty-all\5.0.0.Alpha1\netty-all-5.0.0.Alpha1.jar;"/>
    <property name="java.vm.vendor" value="JetBrains s.r.o"/>
    <property name="sun.arch.data.model" value="64"/>
    <property name="user.variant" value=""/>
    <property name="java.vendor.url" value="https://www.jetbrains.com/"/>
    <property name="user.timezone" value="Asia/Shanghai"/>
    <property name="java.vm.specification.version" value="11"/>
    <property name="os.name" value="Windows 10"/>
    <property name="sun.java.launcher" value="SUN_STANDARD"/>
    <property name="user.country" value="CN"/>
    <property name="sun.boot.library.path" value="D:\Java\IntelliJ IDEA Community Edition 2019.2.4\jbr\bin"/>
    <property name="sun.java.command" value="C:\Users\ASUS\AppData\Local\Temp\surefire6157790075166800895\surefirebooter11790913529768296252.jar C:\Users\ASUS\AppData\Local\Temp\surefire6157790075166800895 2020-06-16T15-06-59_206-jvmRun1 surefire4079244785453112347tmp surefire_014582180700971488502tmp"/>
    <property name="jdk.debug" value="release"/>
    <property name="surefire.test.class.path" value="D:\Java\idea-project\netty-groupchat\target\test-classes;D:\Java\idea-project\netty-groupchat\target\classes;D:\Java\apache-maven-3.6.1-bin\Maven-Repository\junit\junit\4.11\junit-4.11.jar;D:\Java\apache-maven-3.6.1-bin\Maven-Repository\org\hamcrest\hamcrest-core\1.3\hamcrest-core-1.3.jar;D:\Java\apache-maven-3.6.1-bin\Maven-Repository\io\netty\netty-all\5.0.0.Alpha1\netty-all-5.0.0.Alpha1.jar;"/>
    <property name="sun.cpu.endian" value="little"/>
    <property name="user.home" value="C:\Users\ASUS"/>
    <property name="user.language" value="zh"/>
    <property name="java.specification.vendor" value="Oracle Corporation"/>
    <property name="java.version.date" value="2019-07-16"/>
    <property name="java.home" value="D:\Java\IntelliJ IDEA Community Edition 2019.2.4\jbr"/>
    <property name="file.separator" value="\"/>
    <property name="basedir" value="D:\Java\idea-project\netty-groupchat"/>
    <property name="java.vm.compressedOopsMode" value="32-bit"/>
    <property name="line.separator" value="&#10;"/>
    <property name="idea.version2019.2.4" value="true"/>
    <property name="java.specification.name" value="Java Platform API Specification"/>
    <property name="java.vm.specification.vendor" value="Oracle Corporation"/>
    <property name="java.awt.graphicsenv" value="sun.awt.Win32GraphicsEnvironment"/>
    <property name="surefire.real.class.path" value="C:\Users\ASUS\AppData\Local\Temp\surefire6157790075166800895\surefirebooter11790913529768296252.jar"/>
    <property name="user.script" value=""/>
    <property name="sun.management.compiler" value="HotSpot 64-Bit Tiered Compilers"/>
    <property name="java.runtime.version" value="11.0.4+10-b304.77"/>
    <property name="user.name" value="ASUS"/>
    <property name="path.separator" value=";"/>
    <property name="os.version" value="10.0"/>
    <property name="java.runtime.name" value="OpenJDK Runtime Environment"/>
    <property name="file.encoding" value="GBK"/>
    <property name="java.vm.name" value="OpenJDK 64-Bit Server VM"/>
    <property name="localRepository" value="D:\Java\apache-maven-3.6.1-bin\Maven-Repository"/>
    <property name="java.vendor.url.bug" value="https://youtrack.jetbrains.com"/>
    <property name="java.io.tmpdir" value="C:\Users\ASUS\AppData\Local\Temp\"/>
    <property name="java.version" value="11.0.4"/>
    <property name="user.dir" value="D:\Java\idea-project\netty-groupchat"/>
    <property name="os.arch" value="amd64"/>
    <property name="java.vm.specification.name" value="Java Virtual Machine Specification"/>
    <property name="java.awt.printerjob" value="sun.awt.windows.WPrinterJob"/>
    <property name="sun.os.patch.level" value=""/>
    <property name="java.library.path" value="D:\Java\IntelliJ IDEA Community Edition 2019.2.4\jbr\bin;C:\WINDOWS\Sun\Java\bin;C:\WINDOWS\system32;C:\WINDOWS;F:\app\root\product\12.2.0\dbhome_1\bin;D:\app\ChenYuOracle\product\12.2.0\dbhome_1\bin;C:\Program Files (x86)\Intel\iCLS Client\;C:\Program Files\Intel\iCLS Client\;C:\Windows\system32;C:\Windows;C:\Windows\System32\Wbem;C:\Windows\System32\WindowsPowerShell\v1.0\;C:\Program Files (x86)\NVIDIA Corporation\PhysX\Common;C:\Program Files (x86)\Intel\Intel(R) Management Engine Components\DAL;C:\Program Files\Intel\Intel(R) Management Engine Components\DAL;C:\Program Files (x86)\Intel\Intel(R) Management Engine Components\IPT;C:\Program Files\Intel\Intel(R) Management Engine Components\IPT;C:\WINDOWS\system32;C:\WINDOWS;C:\WINDOWS\System32\Wbem;C:\WINDOWS\System32\WindowsPowerShell\v1.0\;C:\WINDOWS\System32\OpenSSH\;E:\Program Files\WeGame;D:\Java\jdk-11.0.2\\bin;E:\Tencent\QQ\Bin;C:\Program Files (x86)\Notepad++;D:\Java\eclipse;D:\HBuilder\HBuilderX;%CATALINE_HOME\bin%;D:\apache-tomcat-9.0.19-windows-x64\apache-tomcat-9.0.19\bin;D:\Java\apache-maven-3.6.1-bin\maven\bin;D:\Java\Git\Git\cmd;D:\Java\Git\TortoiseGit\bin;D:\前端开发\nodejs\;D:\Java\protobuf\protoc-3.12.2-win64\bin;C:\Users\ASUS\AppData\Local\Programs\Python\Python38\Scripts\;C:\Users\ASUS\AppData\Local\Programs\Python\Python38\;F:\Python\Python38\Scripts\;F:\Python\Python38\;C:\Users\ASUS\AppData\Local\Microsoft\WindowsApps;E:\mysql-5.6.45-winx64\bin;D:\Java\IntelliJ IDEA 2019.2.3\bin;;C:\Users\ASUS\AppData\Roaming\npm;."/>
    <property name="java.vendor" value="JetBrains s.r.o"/>
    <property name="java.vm.info" value="mixed mode, sharing"/>
    <property name="java.vm.version" value="11.0.4+10-b304.77"/>
    <property name="sun.io.unicode.encoding" value="UnicodeLittle"/>
    <property name="java.class.version" value="55.0"/>
  </properties>
  <testcase name="serverTest" classname="com.chenyu.test.AppTest" time="0.016"/>
</testsuite>